# JRE version: OpenJDK Runtime Environment (21.0.1+12) (build 21.0.1+12-LTS)
# Java VM: OpenJDK 64-Bit Server VM (21.0.1+12-LTS, mixed mode, sharing, tiered, compressed oops, compressed class ptrs, g1 gc, windows-amd64)
GC Precious Log:
 CardTable entry size: 512
 Card Set container configuration: InlinePtr #cards 5 size 8 Array Of Cards #cards 12 size 40 Howl #buckets 4 coarsen threshold 1843 Howl Bitmap #cards 512 size 80 coarsen threshold 460 Card regions per heap region 1 cards per card region 2048
 CPUs: 4 total, 4 available
 Memory: 6078M
 Large Page Support: Disabled
 NUMA Support: Disabled
 Compressed Oops: Enabled (32-bit)
 Heap Region Size: 1M
 Heap Min Capacity: 256M
 Heap Initial Capacity: 256M
 Heap Max Capacity: 512M
 Pre-touch: Disabled
 Parallel Workers: 4
 Concurrent Workers: 1
 Concurrent Refinement Workers: 4
 Periodic GC: Disabled
Heap:
 garbage-first heap   total 262144K, used 137378K [0x00000000e0000000, 0x0000000100000000)
  region size 1024K, 57 young (58368K), 15 survivors (15360K)
 Metaspace       used 85271K, committed 87552K, reserved 458752K
  class space    used 11814K, committed 12928K, reserved 327680K
GC Heap History (20 events):
Event: 111.621 GC heap before
{Heap before GC invocations=3 (full 0):
 garbage-first heap   total 262144K, used 28509K [0x00000000e0000000, 0x0000000100000000)
  region size 1024K, 21 young (21504K), 15 survivors (15360K)
 Metaspace       used 20835K, committed 21504K, reserved 393216K
  class space    used 2985K, committed 3328K, reserved 327680K
}
Event: 111.641 GC heap after
{Heap after GC invocations=4 (full 0):
 garbage-first heap   total 262144K, used 25057K [0x00000000e0000000, 0x0000000100000000)
  region size 1024K, 2 young (2048K), 2 survivors (2048K)
 Metaspace       used 20835K, committed 21504K, reserved 393216K
  class space    used 2985K, committed 3328K, reserved 327680K
}
Event: 120.834 GC heap before
{Heap before GC invocations=5 (full 0):
 garbage-first heap   total 262144K, used 141793K [0x00000000e0000000, 0x0000000100000000)
  region size 1024K, 105 young (107520K), 2 survivors (2048K)
 Metaspace       used 34936K, committed 35968K, reserved 393216K
  class space    used 4818K, committed 5312K, reserved 327680K
}
Event: 120.854 GC heap after
{Heap after GC invocations=6 (full 0):
 garbage-first heap   total 262144K, used 45528K [0x00000000e0000000, 0x0000000100000000)
  region size 1024K, 10 young (10240K), 10 survivors (10240K)
 Metaspace       used 34936K, committed 35968K, reserved 393216K
  class space    used 4818K, committed 5312K, reserved 327680K
}
Event: 120.933 GC heap before
{Heap before GC invocations=6 (full 0):
 garbage-first heap   total 262144K, used 47576K [0x00000000e0000000, 0x0000000100000000)
  region size 1024K, 13 young (13312K), 10 survivors (10240K)
 Metaspace       used 35228K, committed 36288K, reserved 393216K
  class space    used 4851K, committed 5376K, reserved 327680K
}
Event: 120.951 GC heap after
{Heap after GC invocations=7 (full 0):
 garbage-first heap   total 262144K, used 44630K [0x00000000e0000000, 0x0000000100000000)
  region size 1024K, 10 young (10240K), 10 survivors (10240K)
 Metaspace       used 35228K, committed 36288K, reserved 393216K
  class space    used 4851K, committed 5376K, reserved 327680K
}
Event: 121.165 GC heap before
{Heap before GC invocations=7 (full 0):
 garbage-first heap   total 262144K, used 70230K [0x00000000e0000000, 0x0000000100000000)
  region size 1024K, 36 young (36864K), 10 survivors (10240K)
 Metaspace       used 35560K, committed 36608K, reserved 393216K
  class space    used 4902K, committed 5376K, reserved 327680K
}
Event: 121.178 GC heap after
{Heap after GC invocations=8 (full 0):
 garbage-first heap   total 262144K, used 44008K [0x00000000e0000000, 0x0000000100000000)
  region size 1024K, 9 young (9216K), 9 survivors (9216K)
 Metaspace       used 35560K, committed 36608K, reserved 393216K
  class space    used 4902K, committed 5376K, reserved 327680K
}
Event: 128.445 GC heap before
{Heap before GC invocations=9 (full 0):
 garbage-first heap   total 262144K, used 190440K [0x00000000e0000000, 0x0000000100000000)
  region size 1024K, 153 young (156672K), 9 survivors (9216K)
 Metaspace       used 55559K, committed 57280K, reserved 393216K
  class space    used 7852K, committed 8704K, reserved 327680K
}
Event: 128.469 GC heap after
{Heap after GC invocations=10 (full 0):
 garbage-first heap   total 262144K, used 54760K [0x00000000e0000000, 0x0000000100000000)
  region size 1024K, 20 young (20480K), 20 survivors (20480K)
 Metaspace       used 55559K, committed 57280K, reserved 393216K
  class space    used 7852K, committed 8704K, reserved 327680K
}
Event: 130.411 GC heap before
{Heap before GC invocations=10 (full 0):
 garbage-first heap   total 262144K, used 120296K [0x00000000e0000000, 0x0000000100000000)
  region size 1024K, 81 young (82944K), 20 survivors (20480K)
 Metaspace       used 59355K, committed 61120K, reserved 393216K
  class space    used 8285K, committed 9152K, reserved 327680K
}
Event: 130.437 GC heap after
{Heap after GC invocations=11 (full 0):
 garbage-first heap   total 262144K, used 62464K [0x00000000e0000000, 0x0000000100000000)
  region size 1024K, 14 young (14336K), 14 survivors (14336K)
 Metaspace       used 59355K, committed 61120K, reserved 393216K
  class space    used 8285K, committed 9152K, reserved 327680K
}
Event: 130.519 GC heap before
{Heap before GC invocations=11 (full 0):
 garbage-first heap   total 262144K, used 66560K [0x00000000e0000000, 0x0000000100000000)
  region size 1024K, 19 young (19456K), 14 survivors (14336K)
 Metaspace       used 59675K, committed 61440K, reserved 393216K
  class space    used 8330K, committed 9216K, reserved 327680K
}
Event: 130.536 GC heap after
{Heap after GC invocations=12 (full 0):
 garbage-first heap   total 262144K, used 63778K [0x00000000e0000000, 0x0000000100000000)
  region size 1024K, 5 young (5120K), 5 survivors (5120K)
 Metaspace       used 59675K, committed 61440K, reserved 393216K
  class space    used 8330K, committed 9216K, reserved 327680K
}
Event: 133.790 GC heap before
{Heap before GC invocations=13 (full 0):
 garbage-first heap   total 262144K, used 223522K [0x00000000e0000000, 0x0000000100000000)
  region size 1024K, 153 young (156672K), 5 survivors (5120K)
 Metaspace       used 72985K, committed 74944K, reserved 393216K
  class space    used 10298K, committed 11264K, reserved 327680K
}
Event: 133.808 GC heap after
{Heap after GC invocations=14 (full 0):
 garbage-first heap   total 262144K, used 80795K [0x00000000e0000000, 0x0000000100000000)
  region size 1024K, 14 young (14336K), 14 survivors (14336K)
 Metaspace       used 72985K, committed 74944K, reserved 393216K
  class space    used 10298K, committed 11264K, reserved 327680K
}
Event: 204.715 GC heap before
{Heap before GC invocations=14 (full 0):
 garbage-first heap   total 262144K, used 227227K [0x00000000e0000000, 0x0000000100000000)
  region size 1024K, 153 young (156672K), 14 survivors (14336K)
 Metaspace       used 81498K, committed 83712K, reserved 458752K
  class space    used 11333K, committed 12416K, reserved 327680K
}
Event: 204.748 GC heap after
{Heap after GC invocations=15 (full 0):
 garbage-first heap   total 262144K, used 90772K [0x00000000e0000000, 0x0000000100000000)
  region size 1024K, 20 young (20480K), 20 survivors (20480K)
 Metaspace       used 81498K, committed 83712K, reserved 458752K
  class space    used 11333K, committed 12416K, reserved 327680K
}
Event: 221.382 GC heap before
{Heap before GC invocations=15 (full 0):
 garbage-first heap   total 262144K, used 226964K [0x00000000e0000000, 0x0000000100000000)
  region size 1024K, 153 young (156672K), 20 survivors (20480K)
 Metaspace       used 83258K, committed 85504K, reserved 458752K
  class space    used 11442K, committed 12544K, reserved 327680K
}
Event: 221.430 GC heap after
{Heap after GC invocations=16 (full 0):
 garbage-first heap   total 262144K, used 95394K [0x00000000e0000000, 0x0000000100000000)
  region size 1024K, 15 young (15360K), 15 survivors (15360K)
 Metaspace       used 83258K, committed 85504K, reserved 458752K
  class space    used 11442K, committed 12544K, reserved 327680K
}

